#
# A fatal error has been detected by the Java Runtime Environment:
#
#  SIGSEGV (0xb) at pc=0x00007f81aade1e80, pid=15055, tid=15057
#
# JRE version: OpenJDK Runtime Environment JBR-11.0.11.9-1504.13-jcef (11.0.11+9) (build 11.0.11+9-b1504.13)
# Java VM: OpenJDK 64-Bit Server VM JBR-11.0.11.9-1504.13-jcef (11.0.11+9-b1504.13, mixed mode, tiered, compressed oops, g1 gc, linux-amd64)
# Problematic frame:
# V  [libjvm.so+0xdb9e80]  SymbolTable::buckets_unlink(int, int, BasicHashtable<(MemoryType)9>::BucketUnlinkContext*)+0x50
#
# Core dump will be written. Default location: Core dumps may be processed with "/usr/share/apport/apport %p %s %c %d %P %E" (or dumping to /home/andrei/IdeaProjects/CoreTaskTemplate/core.15055)
#
# If you would like to submit a bug report, please visit:
#   https://bugreport.java.com/bugreport/crash.jsp
#

---------------  S U M M A R Y ------------

Command Line: -Djava.rmi.server.hostname=127.0.0.1 -Duser.timezone=UTC -Xmx981m -Xms128m -Dfile.encoding=UTF-8 com.intellij.database.remote.RemoteJdbcServer com.mysql.cj.jdbc.Driver

Host: Intel(R) Pentium(R) CPU G620 @ 2.60GHz, 2 cores, 7G, Ubuntu 20.04.2 LTS
Time: Mon Aug 16 11:44:07 2021 +05 elapsed time: 3601.277193 seconds (0d 1h 0m 1s)

---------------  T H R E A D  ---------------

Current thread (0x00007f81a403f000):  GCTaskThread "GC Thread#0" [stack: 0x00007f81a9271000,0x00007f81a9371000] [id=15057]

Stack: [0x00007f81a9271000,0x00007f81a9371000],  sp=0x00007f81a936fc00,  free space=1019k
Native frames: (J=compiled Java code, A=aot compiled Java code, j=interpreted, Vv=VM code, C=native code)
V  [libjvm.so+0xdb9e80]  SymbolTable::buckets_unlink(int, int, BasicHashtable<(MemoryType)9>::BucketUnlinkContext*)+0x50
V  [libjvm.so+0xdb9fe7]  SymbolTable::possibly_parallel_unlink(int*, int*)+0x67
V  [libjvm.so+0x7658f4]  G1ParallelCleaningTask::work(unsigned int)+0x7c4
V  [libjvm.so+0xe89abd]  GangWorker::loop()+0x4d
V  [libjvm.so+0xdfa5d9]  Thread::call_run()+0x149
V  [libjvm.so+0xbbd69e]  thread_native_entry(Thread*)+0xee


siginfo: si_signo: 11 (SIGSEGV), si_code: 1 (SEGV_MAPERR), si_addr: 0x0000000020000008

Register to memory mapping:

RAX=0x000000000000ffff is an unknown value
RBX=0x0000000020000000 is an unknown value
RCX=0x00007f816c000040 points into unknown readable memory: 0x00007f816c062a90 | 90 2a 06 6c 81 7f 00 00
RDX=0x00007f81a936fc50 points into unknown readable memory: 0x0000000e0000b4d2 | d2 b4 00 00 0e 00 00 00
RSP=0x00007f81a936fc00 points into unknown readable memory: 0x00007f81a936fd18 | 18 fd 36 a9 81 7f 00 00
RBP=0x00007f81a936fc30 points into unknown readable memory: 0x00007f81a936fca0 | a0 fc 36 a9 81 7f 00 00
RSI=0x000000000000001f is an unknown value
RDI=0x00007f81a402c878 points into unknown readable memory: 0x616eac47ffff000b | 0b 00 ff ff 47 ac 6e 61
R8 =0x0000000000000007 is an unknown value
R9 =0x00007f81a936fd14 points into unknown readable memory: fa 18 00 00
R10=0x00007f81a936fd18 points into unknown readable memory: 0x000000000000001d | 1d 00 00 00 00 00 00 00
R11=0x0200000000000000 is an unknown value
R12=0x00007f81a936fc50 points into unknown readable memory: 0x0000000e0000b4d2 | d2 b4 00 00 0e 00 00 00
R13=0x0000000000025be8 is an unknown value
R14=0x0000000000025c00 is an unknown value
R15=0x00007f81a415f6b0 points into unknown readable memory: 0x0000000020000000 | 00 00 00 20 00 00 00 00


Registers:
RAX=0x000000000000ffff, RBX=0x0000000020000000, RCX=0x00007f816c000040, RDX=0x00007f81a936fc50
RSP=0x00007f81a936fc00, RBP=0x00007f81a936fc30, RSI=0x000000000000001f, RDI=0x00007f81a402c878
R8 =0x0000000000000007, R9 =0x00007f81a936fd14, R10=0x00007f81a936fd18, R11=0x0200000000000000
R12=0x00007f81a936fc50, R13=0x0000000000025be8, R14=0x0000000000025c00, R15=0x00007f81a415f6b0
RIP=0x00007f81aade1e80, EFLAGS=0x0000000000010206, CSGSFS=0x002b000000000033, ERR=0x0000000000000004
  TRAPNO=0x000000000000000e

Top of Stack: (sp=0x00007f81a936fc00)
0x00007f81a936fc00:   00007f81a936fd18 00007f81ab49b0e0
0x00007f81a936fc10:   00007f81a936fc50 0000000000000020
0x00007f81a936fc20:   0000000000004e2b 00007f81a936fd1c
0x00007f81a936fc30:   00007f81a936fca0 00007f81aade1fe7 

Instructions: (pc=0x00007f81aade1e80)
0x00007f81aade1d80:   48 8b 05 b1 93 6b 00 8b 10 85 d2 0f 8e 9e 00 00
0x00007f81aade1d90:   00 55 48 89 e5 41 57 44 8d 7a ff 41 56 4a 8d 0c
0x00007f81aade1da0:   fd 00 00 00 00 45 31 f6 41 55 4c 8d 2d 1f 22 59
0x00007f81aade1db0:   00 41 54 4c 8d 65 c0 53 48 89 fb 48 83 ec 28 48
0x00007f81aade1dc0:   89 4d b8 0f 1f 44 00 00 48 8b 48 08 4c 01 f1 4c
0x00007f81aade1dd0:   8b 39 4d 85 ff 74 32 66 0f 1f 84 00 00 00 00 00
0x00007f81aade1de0:   49 8d 57 10 4c 89 e6 48 89 df 4c 89 6d c0 48 89
0x00007f81aade1df0:   55 c8 ba 02 00 00 00 e8 a4 86 d7 ff 49 8b 47 08
0x00007f81aade1e00:   48 83 e0 fe 49 89 c7 75 d7 4c 39 75 b8 74 11 48
0x00007f81aade1e10:   8b 05 22 93 6b 00 49 83 c6 08 eb ac 0f 1f 40 00
0x00007f81aade1e20:   48 83 c4 28 5b 41 5c 41 5d 41 5e 41 5f 5d c3 c3
0x00007f81aade1e30:   39 f7 0f 8d cb 00 00 00 55 83 ee 01 48 63 c7 29
0x00007f81aade1e40:   fe 48 89 e5 41 57 41 56 4c 8d 74 30 01 41 55 49
0x00007f81aade1e50:   c1 e6 03 4c 8d 2c c5 00 00 00 00 41 54 49 89 d4
0x00007f81aade1e60:   53 48 83 ec 08 0f 1f 00 48 8b 05 c9 92 6b 00 4c
0x00007f81aade1e70:   8b 78 08 4d 01 ef 49 8b 1f 48 85 db 74 32 66 90
0x00007f81aade1e80:   f6 43 08 01 74 0a 8b 05 48 87 69 00 85 c0 74 20
0x00007f81aade1e90:   48 8b 7b 10 41 83 04 24 01 0f b7 47 02 66 85 c0
0x00007f81aade1ea0:   74 2e 4c 8d 7b 08 48 8b 5b 08 48 83 e3 fe 75 d0
0x00007f81aade1eb0:   49 83 c5 08 4d 39 f5 75 af 48 83 c4 08 5b 41 5c
0x00007f81aade1ec0:   41 5d 41 5e 41 5f 5d c3 0f 1f 84 00 00 00 00 00
0x00007f81aade1ed0:   e8 ab e2 ff ff 48 8b 43 08 48 89 de 4c 89 e7 48
0x00007f81aade1ee0:   83 e0 fe 49 89 07 e8 35 c4 a4 ff 49 8b 1f 48 83
0x00007f81aade1ef0:   e3 fe 75 8c 49 83 c5 08 4d 39 f5 0f 85 67 ff ff
0x00007f81aade1f00:   ff eb b6 c3 66 90 66 2e 0f 1f 84 00 00 00 00 00
0x00007f81aade1f10:   55 66 0f ef c0 48 89 e5 41 55 49 89 fd 31 ff 41
0x00007f81aade1f20:   54 49 89 f4 53 48 8d 5d c0 48 89 da 48 83 ec 28
0x00007f81aade1f30:   48 8b 05 01 92 6b 00 0f 11 45 c8 48 c7 45 c0 00
0x00007f81aade1f40:   00 00 00 8b 30 e8 e6 fe ff ff 48 8b 3d e7 91 6b
0x00007f81aade1f50:   00 48 89 de e8 67 c1 a4 ff 8b 45 c0 8b 55 c4 41
0x00007f81aade1f60:   89 45 00 41 89 14 24 89 15 7b 91 6b 00 89 05 71
0x00007f81aade1f70:   91 6b 00 48 83 c4 28 5b 41 5c 41 5d 5d c3 66 90 


Stack slot to memory mapping:
stack at sp + 0 slots: 0x00007f81a936fd18 points into unknown readable memory: 0x000000000000001d | 1d 00 00 00 00 00 00 00
stack at sp + 1 slots: 0x00007f81ab49b0e0: <offset 0x00000000014730e0> in /snap/intellij-idea-ultimate/311/jbr/lib/server/libjvm.so at 0x00007f81aa028000
stack at sp + 2 slots: 0x00007f81a936fc50 points into unknown readable memory: 0x0000000e0000b4d2 | d2 b4 00 00 0e 00 00 00
stack at sp + 3 slots: 0x0000000000000020 is an unknown value
stack at sp + 4 slots: 0x0000000000004e2b is an unknown value
stack at sp + 5 slots: 0x00007f81a936fd1c points into unknown readable memory: 00 00 00 00
stack at sp + 6 slots: 0x00007f81a936fca0 points into unknown readable memory: 0x00007f81a936fe00 | 00 fe 36 a9 81 7f 00 00
stack at sp + 7 slots: 0x00007f81aade1fe7: <offset 0x0000000000db9fe7> in /snap/intellij-idea-ultimate/311/jbr/lib/server/libjvm.so at 0x00007f81aa028000


---------------  P R O C E S S  ---------------

Threads class SMR info:
_java_thread_list=0x00007f817003e320, length=17, elements={
0x00007f81a4028000, 0x00007f81a4138800, 0x00007f81a413d000, 0x00007f81a4152000,
0x00007f81a4154000, 0x00007f81a4156000, 0x00007f81a4158000, 0x00007f81a415a000,
0x00007f81a41d0000, 0x00007f81a424b000, 0x00007f81a4322000, 0x00007f81a432d800,
0x00007f81a432f000, 0x00007f81a4334800, 0x00007f8158001800, 0x00007f81543eb000,
0x00007f817003d000
}

Java Threads: ( => current thread )
  0x00007f81a4028000 JavaThread "main" [_thread_blocked, id=15056, stack(0x00007f81a9dd8000,0x00007f81a9ed9000)]
  0x00007f81a4138800 JavaThread "Reference Handler" daemon [_thread_blocked, id=15063, stack(0x00007f81a8138000,0x00007f81a8239000)]
  0x00007f81a413d000 JavaThread "Finalizer" daemon [_thread_blocked, id=15064, stack(0x00007f81a8037000,0x00007f81a8138000)]
  0x00007f81a4152000 JavaThread "Signal Dispatcher" daemon [_thread_blocked, id=15065, stack(0x00007f819039c000,0x00007f819049d000)]
  0x00007f81a4154000 JavaThread "Service Thread" daemon [_thread_blocked, id=15066, stack(0x00007f819029b000,0x00007f819039c000)]
  0x00007f81a4156000 JavaThread "C2 CompilerThread0" daemon [_thread_blocked, id=15067, stack(0x00007f819019a000,0x00007f819029b000)]
  0x00007f81a4158000 JavaThread "C1 CompilerThread0" daemon [_thread_blocked, id=15068, stack(0x00007f8190099000,0x00007f819019a000)]
  0x00007f81a415a000 JavaThread "Sweeper thread" daemon [_thread_blocked, id=15069, stack(0x00007f81887a7000,0x00007f81888a8000)]
  0x00007f81a41d0000 JavaThread "Common-Cleaner" daemon [_thread_blocked, id=15071, stack(0x00007f81885a4000,0x00007f81886a5000)]
  0x00007f81a424b000 JavaThread "mysql-cj-abandoned-connection-cleanup" daemon [_thread_blocked, id=15072, stack(0x00007f818807a000,0x00007f818817b000)]
  0x00007f81a4322000 JavaThread "RMI TCP Accept-32470" daemon [_thread_in_native, id=15074, stack(0x00007f816af1e000,0x00007f816b01f000)]
  0x00007f81a432d800 JavaThread "RMI TCP Accept-0" daemon [_thread_in_native, id=15075, stack(0x00007f816ae1d000,0x00007f816af1e000)]
  0x00007f81a432f000 JavaThread "RMI Reaper" [_thread_blocked, id=15076, stack(0x00007f816ad1c000,0x00007f816ae1d000)]
  0x00007f81a4334800 JavaThread "RMI GC Daemon" daemon [_thread_blocked, id=15077, stack(0x00007f816aa19000,0x00007f816ab1a000)]
  0x00007f8158001800 JavaThread "RMI TCP Connection(1)-127.0.0.1" daemon [_thread_in_native, id=15079, stack(0x00007f816a616000,0x00007f816a717000)]
  0x00007f81543eb000 JavaThread "RMI TCP Connection(2)-127.0.0.1" daemon [_thread_in_native, id=15081, stack(0x00007f816a515000,0x00007f816a616000)]
  0x00007f817003d000 JavaThread "RMI Scheduler(0)" daemon [_thread_blocked, id=15082, stack(0x00007f816a414000,0x00007f816a515000)]

Other Threads:
  0x00007f81a4130800 VMThread "VM Thread" [stack: 0x00007f81a823b000,0x00007f81a833b000] [id=15062]
  0x00007f81a41c0800 WatcherThread [stack: 0x00007f81886a7000,0x00007f81887a7000] [id=15070]
=>0x00007f81a403f000 GCTaskThread "GC Thread#0" [stack: 0x00007f81a9271000,0x00007f81a9371000] [id=15057]
  0x00007f8178001000 GCTaskThread "GC Thread#1" [stack: 0x00007f816a719000,0x00007f816a819000] [id=15078]
  0x00007f81a405a000 ConcurrentGCThread "G1 Main Marker" [stack: 0x00007f81a898b000,0x00007f81a8a8b000] [id=15058]
  0x00007f81a405c000 ConcurrentGCThread "G1 Conc#0" [stack: 0x00007f81a8889000,0x00007f81a8989000] [id=15059]
  0x00007f81a40cb800 ConcurrentGCThread "G1 Refine#0" [stack: 0x00007f81a8585000,0x00007f81a8685000] [id=15060]
  0x00007f81a40cd800 ConcurrentGCThread "G1 Young RemSet Sampling" [stack: 0x00007f81a8483000,0x00007f81a8583000] [id=15061]

Threads with active compile tasks:

VM state:at safepoint (normal execution)

VM Mutex/Monitor currently owned by a thread:  ([mutex/lock_event])
[0x00007f81a4024aa0] Threads_lock - owner thread: 0x00007f81a4130800
[0x00007f81a4025280] Heap_lock - owner thread: 0x00007f81a4334800

Heap address: 0x00000000c2a00000, size: 982 MB, Compressed Oops mode: 32-bit
Narrow klass base: 0x0000000000000000, Narrow klass shift: 3
Compressed class space size: 1073741824 Address: 0x0000000100000000

Heap:
 garbage-first heap   total 131072K, used 15133K [0x00000000c2a00000, 0x0000000100000000)
  region size 1024K, 12 young (12288K), 1 survivors (1024K)
 Metaspace       used 14581K, capacity 15105K, committed 15360K, reserved 1062912K
  class space    used 1481K, capacity 1701K, committed 1792K, reserved 1048576K
Heap Regions: E=young(eden), S=young(survivor), O=old, HS=humongous(starts), HC=humongous(continues), CS=collection set, F=free, A=archive, TAMS=top-at-mark-start (previous, next)
|   0|0x00000000c2a00000, 0x00000000c2b00000, 0x00000000c2b00000|100%|HS|  |TAMS 0x00000000c2a00000, 0x00000000c2a00000| Complete 
|   1|0x00000000c2b00000, 0x00000000c2c00000, 0x00000000c2c00000|100%| O|  |TAMS 0x00000000c2b00000, 0x00000000c2b00000| Untracked 
|   2|0x00000000c2c00000, 0x00000000c2d00000, 0x00000000c2d00000|100%| O|  |TAMS 0x00000000c2c00000, 0x00000000c2c00000| Untracked 
|   3|0x00000000c2d00000, 0x00000000c2d00000, 0x00000000c2e00000|  0%| F|  |TAMS 0x00000000c2d00000, 0x00000000c2d00000| Untracked 
|   4|0x00000000c2e00000, 0x00000000c2e00000, 0x00000000c2f00000|  0%| F|  |TAMS 0x00000000c2e00000, 0x00000000c2e00000| Untracked 
|   5|0x00000000c2f00000, 0x00000000c2f00000, 0x00000000c3000000|  0%| F|  |TAMS 0x00000000c2f00000, 0x00000000c2f00000| Untracked 
|   6|0x00000000c3000000, 0x00000000c3000000, 0x00000000c3100000|  0%| F|  |TAMS 0x00000000c3000000, 0x00000000c3000000| Untracked 
|   7|0x00000000c3100000, 0x00000000c3100000, 0x00000000c3200000|  0%| F|  |TAMS 0x00000000c3100000, 0x00000000c3100000| Untracked 
|   8|0x00000000c3200000, 0x00000000c3200000, 0x00000000c3300000|  0%| F|  |TAMS 0x00000000c3200000, 0x00000000c3200000| Untracked 
|   9|0x00000000c3300000, 0x00000000c3300000, 0x00000000c3400000|  0%| F|  |TAMS 0x00000000c3300000, 0x00000000c3300000| Untracked 
|  10|0x00000000c3400000, 0x00000000c3400000, 0x00000000c3500000|  0%| F|  |TAMS 0x00000000c3400000, 0x00000000c3400000| Untracked 
|  11|0x00000000c3500000, 0x00000000c3500000, 0x00000000c3600000|  0%| F|  |TAMS 0x00000000c3500000, 0x00000000c3500000| Untracked 
|  12|0x00000000c3600000, 0x00000000c3600000, 0x00000000c3700000|  0%| F|  |TAMS 0x00000000c3600000, 0x00000000c3600000| Untracked 
|  13|0x00000000c3700000, 0x00000000c3700000, 0x00000000c3800000|  0%| F|  |TAMS 0x00000000c3700000, 0x00000000c3700000| Untracked 
|  14|0x00000000c3800000, 0x00000000c3800000, 0x00000000c3900000|  0%| F|  |TAMS 0x00000000c3800000, 0x00000000c3800000| Untracked 
|  15|0x00000000c3900000, 0x00000000c3900000, 0x00000000c3a00000|  0%| F|  |TAMS 0x00000000c3900000, 0x00000000c3900000| Untracked 
|  16|0x00000000c3a00000, 0x00000000c3a00000, 0x00000000c3b00000|  0%| F|  |TAMS 0x00000000c3a00000, 0x00000000c3a00000| Untracked 
|  17|0x00000000c3b00000, 0x00000000c3b00000, 0x00000000c3c00000|  0%| F|  |TAMS 0x00000000c3b00000, 0x00000000c3b00000| Untracked 
|  18|0x00000000c3c00000, 0x00000000c3c00000, 0x00000000c3d00000|  0%| F|  |TAMS 0x00000000c3c00000, 0x00000000c3c00000| Untracked 
|  19|0x00000000c3d00000, 0x00000000c3d00000, 0x00000000c3e00000|  0%| F|  |TAMS 0x00000000c3d00000, 0x00000000c3d00000| Untracked 
|  20|0x00000000c3e00000, 0x00000000c3e00000, 0x00000000c3f00000|  0%| F|  |TAMS 0x00000000c3e00000, 0x00000000c3e00000| Untracked 
|  21|0x00000000c3f00000, 0x00000000c3f00000, 0x00000000c4000000|  0%| F|  |TAMS 0x00000000c3f00000, 0x00000000c3f00000| Untracked 
|  22|0x00000000c4000000, 0x00000000c4000000, 0x00000000c4100000|  0%| F|  |TAMS 0x00000000c4000000, 0x00000000c4000000| Untracked 
|  23|0x00000000c4100000, 0x00000000c4100000, 0x00000000c4200000|  0%| F|  |TAMS 0x00000000c4100000, 0x00000000c4100000| Untracked 
|  24|0x00000000c4200000, 0x00000000c4200000, 0x00000000c4300000|  0%| F|  |TAMS 0x00000000c4200000, 0x00000000c4200000| Untracked 
|  25|0x00000000c4300000, 0x00000000c4300000, 0x00000000c4400000|  0%| F|  |TAMS 0x00000000c4300000, 0x00000000c4300000| Untracked 
|  26|0x00000000c4400000, 0x00000000c4400000, 0x00000000c4500000|  0%| F|  |TAMS 0x00000000c4400000, 0x00000000c4400000| Untracked 
|  27|0x00000000c4500000, 0x00000000c4500000, 0x00000000c4600000|  0%| F|  |TAMS 0x00000000c4500000, 0x00000000c4500000| Untracked 
|  28|0x00000000c4600000, 0x00000000c4600000, 0x00000000c4700000|  0%| F|  |TAMS 0x00000000c4600000, 0x00000000c4600000| Untracked 
|  29|0x00000000c4700000, 0x00000000c4700000, 0x00000000c4800000|  0%| F|  |TAMS 0x00000000c4700000, 0x00000000c4700000| Untracked 
|  30|0x00000000c4800000, 0x00000000c4800000, 0x00000000c4900000|  0%| F|  |TAMS 0x00000000c4800000, 0x00000000c4800000| Untracked 
|  31|0x00000000c4900000, 0x00000000c4900000, 0x00000000c4a00000|  0%| F|  |TAMS 0x00000000c4900000, 0x00000000c4900000| Untracked 
|  32|0x00000000c4a00000, 0x00000000c4a00000, 0x00000000c4b00000|  0%| F|  |TAMS 0x00000000c4a00000, 0x00000000c4a00000| Untracked 
|  33|0x00000000c4b00000, 0x00000000c4b00000, 0x00000000c4c00000|  0%| F|  |TAMS 0x00000000c4b00000, 0x00000000c4b00000| Untracked 
|  34|0x00000000c4c00000, 0x00000000c4c00000, 0x00000000c4d00000|  0%| F|  |TAMS 0x00000000c4c00000, 0x00000000c4c00000| Untracked 
|  35|0x00000000c4d00000, 0x00000000c4d00000, 0x00000000c4e00000|  0%| F|  |TAMS 0x00000000c4d00000, 0x00000000c4d00000| Untracked 
|  36|0x00000000c4e00000, 0x00000000c4e00000, 0x00000000c4f00000|  0%| F|  |TAMS 0x00000000c4e00000, 0x00000000c4e00000| Untracked 
|  37|0x00000000c4f00000, 0x00000000c4f00000, 0x00000000c5000000|  0%| F|  |TAMS 0x00000000c4f00000, 0x00000000c4f00000| Untracked 
|  38|0x00000000c5000000, 0x00000000c5000000, 0x00000000c5100000|  0%| F|  |TAMS 0x00000000c5000000, 0x00000000c5000000| Untracked 
|  39|0x00000000c5100000, 0x00000000c5100000, 0x00000000c5200000|  0%| F|  |TAMS 0x00000000c5100000, 0x00000000c5100000| Untracked 
|  40|0x00000000c5200000, 0x00000000c5200000, 0x00000000c5300000|  0%| F|  |TAMS 0x00000000c5200000, 0x00000000c5200000| Untracked 
|  41|0x00000000c5300000, 0x00000000c5300000, 0x00000000c5400000|  0%| F|  |TAMS 0x00000000c5300000, 0x00000000c5300000| Untracked 
|  42|0x00000000c5400000, 0x00000000c5400000, 0x00000000c5500000|  0%| F|  |TAMS 0x00000000c5400000, 0x00000000c5400000| Untracked 
|  43|0x00000000c5500000, 0x00000000c5500000, 0x00000000c5600000|  0%| F|  |TAMS 0x00000000c5500000, 0x00000000c5500000| Untracked 
|  44|0x00000000c5600000, 0x00000000c5600000, 0x00000000c5700000|  0%| F|  |TAMS 0x00000000c5600000, 0x00000000c5600000| Untracked 
|  45|0x00000000c5700000, 0x00000000c5700000, 0x00000000c5800000|  0%| F|  |TAMS 0x00000000c5700000, 0x00000000c5700000| Untracked 
|  46|0x00000000c5800000, 0x00000000c5800000, 0x00000000c5900000|  0%| F|  |TAMS 0x00000000c5800000, 0x00000000c5800000| Untracked 
|  47|0x00000000c5900000, 0x00000000c5900000, 0x00000000c5a00000|  0%| F|  |TAMS 0x00000000c5900000, 0x00000000c5900000| Untracked 
|  48|0x00000000c5a00000, 0x00000000c5a00000, 0x00000000c5b00000|  0%| F|  |TAMS 0x00000000c5a00000, 0x00000000c5a00000| Untracked 
|  49|0x00000000c5b00000, 0x00000000c5b00000, 0x00000000c5c00000|  0%| F|  |TAMS 0x00000000c5b00000, 0x00000000c5b00000| Untracked 
|  50|0x00000000c5c00000, 0x00000000c5c00000, 0x00000000c5d00000|  0%| F|  |TAMS 0x00000000c5c00000, 0x00000000c5c00000| Untracked 
|  51|0x00000000c5d00000, 0x00000000c5d00000, 0x00000000c5e00000|  0%| F|  |TAMS 0x00000000c5d00000, 0x00000000c5d00000| Untracked 
|  52|0x00000000c5e00000, 0x00000000c5e00000, 0x00000000c5f00000|  0%| F|  |TAMS 0x00000000c5e00000, 0x00000000c5e00000| Untracked 
|  53|0x00000000c5f00000, 0x00000000c5f00000, 0x00000000c6000000|  0%| F|  |TAMS 0x00000000c5f00000, 0x00000000c5f00000| Untracked 
|  54|0x00000000c6000000, 0x00000000c6000000, 0x00000000c6100000|  0%| F|  |TAMS 0x00000000c6000000, 0x00000000c6000000| Untracked 
|  55|0x00000000c6100000, 0x00000000c6100000, 0x00000000c6200000|  0%| F|  |TAMS 0x00000000c6100000, 0x00000000c6100000| Untracked 
|  56|0x00000000c6200000, 0x00000000c6200000, 0x00000000c6300000|  0%| F|  |TAMS 0x00000000c6200000, 0x00000000c6200000| Untracked 
|  57|0x00000000c6300000, 0x00000000c6300000, 0x00000000c6400000|  0%| F|  |TAMS 0x00000000c6300000, 0x00000000c6300000| Untracked 
|  58|0x00000000c6400000, 0x00000000c6400000, 0x00000000c6500000|  0%| F|  |TAMS 0x00000000c6400000, 0x00000000c6400000| Untracked 
|  59|0x00000000c6500000, 0x00000000c6500000, 0x00000000c6600000|  0%| F|  |TAMS 0x00000000c6500000, 0x00000000c6500000| Untracked 
|  60|0x00000000c6600000, 0x00000000c6600000, 0x00000000c6700000|  0%| F|  |TAMS 0x00000000c6600000, 0x00000000c6600000| Untracked 
|  61|0x00000000c6700000, 0x00000000c6700000, 0x00000000c6800000|  0%| F|  |TAMS 0x00000000c6700000, 0x00000000c6700000| Untracked 
|  62|0x00000000c6800000, 0x00000000c6800000, 0x00000000c6900000|  0%| F|  |TAMS 0x00000000c6800000, 0x00000000c6800000| Untracked 
|  63|0x00000000c6900000, 0x00000000c6900000, 0x00000000c6a00000|  0%| F|  |TAMS 0x00000000c6900000, 0x00000000c6900000| Untracked 
|  64|0x00000000c6a00000, 0x00000000c6a00000, 0x00000000c6b00000|  0%| F|  |TAMS 0x00000000c6a00000, 0x00000000c6a00000| Untracked 
|  65|0x00000000c6b00000, 0x00000000c6b00000, 0x00000000c6c00000|  0%| F|  |TAMS 0x00000000c6b00000, 0x00000000c6b00000| Untracked 
|  66|0x00000000c6c00000, 0x00000000c6c00000, 0x00000000c6d00000|  0%| F|  |TAMS 0x00000000c6c00000, 0x00000000c6c00000| Untracked 
|  67|0x00000000c6d00000, 0x00000000c6d00000, 0x00000000c6e00000|  0%| F|  |TAMS 0x00000000c6d00000, 0x00000000c6d00000| Untracked 
|  68|0x00000000c6e00000, 0x00000000c6e00000, 0x00000000c6f00000|  0%| F|  |TAMS 0x00000000c6e00000, 0x00000000c6e00000| Untracked 
|  69|0x00000000c6f00000, 0x00000000c6f00000, 0x00000000c7000000|  0%| F|  |TAMS 0x00000000c6f00000, 0x00000000c6f00000| Untracked 
|  70|0x00000000c7000000, 0x00000000c7000000, 0x00000000c7100000|  0%| F|  |TAMS 0x00000000c7000000, 0x00000000c7000000| Untracked 
|  71|0x00000000c7100000, 0x00000000c7100000, 0x00000000c7200000|  0%| F|  |TAMS 0x00000000c7100000, 0x00000000c7100000| Untracked 
|  72|0x00000000c7200000, 0x00000000c7200000, 0x00000000c7300000|  0%| F|  |TAMS 0x00000000c7200000, 0x00000000c7200000| Untracked 
|  73|0x00000000c7300000, 0x00000000c7300000, 0x00000000c7400000|  0%| F|  |TAMS 0x00000000c7300000, 0x00000000c7300000| Untracked 
|  74|0x00000000c7400000, 0x00000000c7400000, 0x00000000c7500000|  0%| F|  |TAMS 0x00000000c7400000, 0x00000000c7400000| Untracked 
|  75|0x00000000c7500000, 0x00000000c7500000, 0x00000000c7600000|  0%| F|  |TAMS 0x00000000c7500000, 0x00000000c7500000| Untracked 
|  76|0x00000000c7600000, 0x00000000c7600000, 0x00000000c7700000|  0%| F|  |TAMS 0x00000000c7600000, 0x00000000c7600000| Untracked 
|  77|0x00000000c7700000, 0x00000000c7700000, 0x00000000c7800000|  0%| F|  |TAMS 0x00000000c7700000, 0x00000000c7700000| Untracked 
|  78|0x00000000c7800000, 0x00000000c7800000, 0x00000000c7900000|  0%| F|  |TAMS 0x00000000c7800000, 0x00000000c7800000| Untracked 
|  79|0x00000000c7900000, 0x00000000c7900000, 0x00000000c7a00000|  0%| F|  |TAMS 0x00000000c7900000, 0x00000000c7900000| Untracked 
|  80|0x00000000c7a00000, 0x00000000c7a00000, 0x00000000c7b00000|  0%| F|  |TAMS 0x00000000c7a00000, 0x00000000c7a00000| Untracked 
|  81|0x00000000c7b00000, 0x00000000c7b00000, 0x00000000c7c00000|  0%| F|  |TAMS 0x00000000c7b00000, 0x00000000c7b00000| Untracked 
|  82|0x00000000c7c00000, 0x00000000c7c00000, 0x00000000c7d00000|  0%| F|  |TAMS 0x00000000c7c00000, 0x00000000c7c00000| Untracked 
|  83|0x00000000c7d00000, 0x00000000c7d00000, 0x00000000c7e00000|  0%| F|  |TAMS 0x00000000c7d00000, 0x00000000c7d00000| Untracked 
|  84|0x00000000c7e00000, 0x00000000c7e00000, 0x00000000c7f00000|  0%| F|  |TAMS 0x00000000c7e00000, 0x00000000c7e00000| Untracked 
|  85|0x00000000c7f00000, 0x00000000c7f00000, 0x00000000c8000000|  0%| F|  |TAMS 0x00000000c7f00000, 0x00000000c7f00000| Untracked 
|  86|0x00000000c8000000, 0x00000000c8000000, 0x00000000c8100000|  0%| F|  |TAMS 0x00000000c8000000, 0x00000000c8000000| Untracked 
|  87|0x00000000c8100000, 0x00000000c8100000, 0x00000000c8200000|  0%| F|  |TAMS 0x00000000c8100000, 0x00000000c8100000| Untracked 
|  88|0x00000000c8200000, 0x00000000c8200000, 0x00000000c8300000|  0%| F|  |TAMS 0x00000000c8200000, 0x00000000c8200000| Untracked 
|  89|0x00000000c8300000, 0x00000000c8300000, 0x00000000c8400000|  0%| F|  |TAMS 0x00000000c8300000, 0x00000000c8300000| Untracked 
|  90|0x00000000c8400000, 0x00000000c8400000, 0x00000000c8500000|  0%| F|  |TAMS 0x00000000c8400000, 0x00000000c8400000| Untracked 
|  91|0x00000000c8500000, 0x00000000c8500000, 0x00000000c8600000|  0%| F|  |TAMS 0x00000000c8500000, 0x00000000c8500000| Untracked 
|  92|0x00000000c8600000, 0x00000000c8600000, 0x00000000c8700000|  0%| F|  |TAMS 0x00000000c8600000, 0x00000000c8600000| Untracked 
|  93|0x00000000c8700000, 0x00000000c8700000, 0x00000000c8800000|  0%| F|  |TAMS 0x00000000c8700000, 0x00000000c8700000| Untracked 
|  94|0x00000000c8800000, 0x00000000c8800000, 0x00000000c8900000|  0%| F|  |TAMS 0x00000000c8800000, 0x00000000c8800000| Untracked 
|  95|0x00000000c8900000, 0x00000000c8900000, 0x00000000c8a00000|  0%| F|  |TAMS 0x00000000c8900000, 0x00000000c8900000| Untracked 
|  96|0x00000000c8a00000, 0x00000000c8a00000, 0x00000000c8b00000|  0%| F|  |TAMS 0x00000000c8a00000, 0x00000000c8a00000| Untracked 
|  97|0x00000000c8b00000, 0x00000000c8b00000, 0x00000000c8c00000|  0%| F|  |TAMS 0x00000000c8b00000, 0x00000000c8b00000| Untracked 
|  98|0x00000000c8c00000, 0x00000000c8c00000, 0x00000000c8d00000|  0%| F|  |TAMS 0x00000000c8c00000, 0x00000000c8c00000| Untracked 
|  99|0x00000000c8d00000, 0x00000000c8d00000, 0x00000000c8e00000|  0%| F|  |TAMS 0x00000000c8d00000, 0x00000000c8d00000| Untracked 
| 100|0x00000000c8e00000, 0x00000000c8e00000, 0x00000000c8f00000|  0%| F|  |TAMS 0x00000000c8e00000, 0x00000000c8e00000| Untracked 
| 101|0x00000000c8f00000, 0x00000000c8f00000, 0x00000000c9000000|  0%| F|  |TAMS 0x00000000c8f00000, 0x00000000c8f00000| Untracked 
| 102|0x00000000c9000000, 0x00000000c9000000, 0x00000000c9100000|  0%| F|  |TAMS 0x00000000c9000000, 0x00000000c9000000| Untracked 
| 103|0x00000000c9100000, 0x00000000c9100000, 0x00000000c9200000|  0%| F|  |TAMS 0x00000000c9100000, 0x00000000c9100000| Untracked 
| 104|0x00000000c9200000, 0x00000000c9200000, 0x00000000c9300000|  0%| F|  |TAMS 0x00000000c9200000, 0x00000000c9200000| Untracked 
| 105|0x00000000c9300000, 0x00000000c9300000, 0x00000000c9400000|  0%| F|  |TAMS 0x00000000c9300000, 0x00000000c9300000| Untracked 
| 106|0x00000000c9400000, 0x00000000c9400000, 0x00000000c9500000|  0%| F|  |TAMS 0x00000000c9400000, 0x00000000c9400000| Untracked 
| 107|0x00000000c9500000, 0x00000000c9500000, 0x00000000c9600000|  0%| F|  |TAMS 0x00000000c9500000, 0x00000000c9500000| Untracked 
| 108|0x00000000c9600000, 0x00000000c9600000, 0x00000000c9700000|  0%| F|  |TAMS 0x00000000c9600000, 0x00000000c9600000| Untracked 
| 109|0x00000000c9700000, 0x00000000c9700000, 0x00000000c9800000|  0%| F|  |TAMS 0x00000000c9700000, 0x00000000c9700000| Untracked 
| 110|0x00000000c9800000, 0x00000000c9800000, 0x00000000c9900000|  0%| F|  |TAMS 0x00000000c9800000, 0x00000000c9800000| Untracked 
| 111|0x00000000c9900000, 0x00000000c9900000, 0x00000000c9a00000|  0%| F|  |TAMS 0x00000000c9900000, 0x00000000c9900000| Untracked 
| 112|0x00000000c9a00000, 0x00000000c9a00000, 0x00000000c9b00000|  0%| F|  |TAMS 0x00000000c9a00000, 0x00000000c9a00000| Untracked 
| 113|0x00000000c9b00000, 0x00000000c9b00000, 0x00000000c9c00000|  0%| F|  |TAMS 0x00000000c9b00000, 0x00000000c9b00000| Untracked 
| 114|0x00000000c9c00000, 0x00000000c9c00000, 0x00000000c9d00000|  0%| F|  |TAMS 0x00000000c9c00000, 0x00000000c9c00000| Untracked 
| 115|0x00000000c9d00000, 0x00000000c9d00000, 0x00000000c9e00000|  0%| F|  |TAMS 0x00000000c9d00000, 0x00000000c9d00000| Untracked 
| 116|0x00000000c9e00000, 0x00000000c9f00000, 0x00000000c9f00000|100%| E|  |TAMS 0x00000000c9e00000, 0x00000000c9e00000| Complete 
| 117|0x00000000c9f00000, 0x00000000ca000000, 0x00000000ca000000|100%| E|  |TAMS 0x00000000c9f00000, 0x00000000c9f00000| Complete 
| 118|0x00000000ca000000, 0x00000000ca100000, 0x00000000ca100000|100%| E|  |TAMS 0x00000000ca000000, 0x00000000ca000000| Complete 
| 119|0x00000000ca100000, 0x00000000ca200000, 0x00000000ca200000|100%| E|  |TAMS 0x00000000ca100000, 0x00000000ca100000| Complete 
| 120|0x00000000ca200000, 0x00000000ca300000, 0x00000000ca300000|100%| E|  |TAMS 0x00000000ca200000, 0x00000000ca200000| Complete 
| 121|0x00000000ca300000, 0x00000000ca400000, 0x00000000ca400000|100%| E|  |TAMS 0x00000000ca300000, 0x00000000ca300000| Complete 
| 122|0x00000000ca400000, 0x00000000ca4c7508, 0x00000000ca500000| 77%| S|  |TAMS 0x00000000ca400000, 0x00000000ca400000| Complete 
| 123|0x00000000ca500000, 0x00000000ca600000, 0x00000000ca600000|100%| E|  |TAMS 0x00000000ca500000, 0x00000000ca500000| Complete 
| 124|0x00000000ca600000, 0x00000000ca700000, 0x00000000ca700000|100%| E|  |TAMS 0x00000000ca600000, 0x00000000ca600000| Complete 
| 125|0x00000000ca700000, 0x00000000ca800000, 0x00000000ca800000|100%| E|  |TAMS 0x00000000ca700000, 0x00000000ca700000| Complete 
| 126|0x00000000ca800000, 0x00000000ca900000, 0x00000000ca900000|100%| E|  |TAMS 0x00000000ca800000, 0x00000000ca800000| Complete 
| 127|0x00000000ca900000, 0x00000000caa00000, 0x00000000caa00000|100%| E|  |TAMS 0x00000000ca900000, 0x00000000ca900000| Complete 

Card table byte_map: [0x00007f81a8c97000,0x00007f81a8e82000] _byte_map_base: 0x00007f81a8682000

Marking Bits (Prev, Next): (CMBitMap*) 0x00007f81a40557a8, (CMBitMap*) 0x00007f81a40557e0
 Prev Bits: [0x00007f819049d000, 0x00007f81913f5000)
 Next Bits: [0x00007f818b0a8000, 0x00007f818c000000)

Polling page: 0x00007f81ab916000

Metaspace:

Usage:
  Non-class:     13,09 MB capacity,    12,79 MB ( 98%) used,   252,98 KB (  2%) free+waste,    51,00 KB ( <1%) overhead. 
      Class:      1,66 MB capacity,     1,45 MB ( 87%) used,   193,80 KB ( 11%) free+waste,    25,44 KB (  1%) overhead. 
       Both:     14,75 MB capacity,    14,24 MB ( 97%) used,   446,78 KB (  3%) free+waste,    76,44 KB ( <1%) overhead. 

Virtual space:
  Non-class space:       14,00 MB reserved,      13,25 MB ( 95%) committed 
      Class space:        1,00 GB reserved,       1,75 MB ( <1%) committed 
             Both:        1,01 GB reserved,      15,00 MB (  1%) committed 

Chunk freelists:
   Non-Class:  84,00 KB
       Class:  0 bytes
        Both:  84,00 KB

MaxMetaspaceSize: unlimited
CompressedClassSpaceSize: 1,00 GB

CodeHeap 'non-profiled nmethods': size=120036Kb used=415Kb max_used=415Kb free=119621Kb
 bounds [0x00007f8198ebc000, 0x00007f819912c000, 0x00007f81a03f5000]
CodeHeap 'profiled nmethods': size=120032Kb used=2782Kb max_used=2782Kb free=117249Kb
 bounds [0x00007f8191984000, 0x00007f8191c44000, 0x00007f8198ebc000]
CodeHeap 'non-nmethods': size=5692Kb used=1105Kb max_used=1121Kb free=4586Kb
 bounds [0x00007f81913f5000, 0x00007f8191665000, 0x00007f8191984000]
 total_blobs=1927 nmethods=1456 adapters=385
 compilation: enabled
              stopped_count=0, restarted_count=0
 full_count=0

Compilation events (20 events):
Event: 3421,569 Thread 0x00007f81a4158000 1447       3       sun.rmi.server.UnicastRef::writeExternal (10 bytes)
Event: 3421,569 Thread 0x00007f81a4158000 nmethod 1447 0x00007f8191c35710 code [0x00007f8191c358c0, 0x00007f8191c35a00]
Event: 3421,569 Thread 0x00007f81a4158000 1448       3       sun.rmi.transport.LiveRef::write (135 bytes)
Event: 3421,571 Thread 0x00007f81a4158000 nmethod 1448 0x00007f8191c35b10 code [0x00007f8191c35ea0, 0x00007f8191c37cb0]
Event: 3421,571 Thread 0x00007f81a4158000 1449       3       sun.rmi.transport.ConnectionOutputStream::saveObject (31 bytes)
Event: 3421,572 Thread 0x00007f81a4158000 nmethod 1449 0x00007f8191c38510 code [0x00007f8191c38700, 0x00007f8191c38c30]
Event: 3421,572 Thread 0x00007f81a4158000 1450       3       sun.rmi.transport.DGCAckHandler::<init> (67 bytes)
Event: 3421,572 Thread 0x00007f81a4158000 nmethod 1450 0x00007f8191c38e10 code [0x00007f8191c39020, 0x00007f8191c397e0]
Event: 3421,572 Thread 0x00007f81a4158000 1451  s    3       sun.rmi.transport.DGCAckHandler::add (19 bytes)
Event: 3421,573 Thread 0x00007f81a4158000 nmethod 1451 0x00007f8191c39a90 code [0x00007f8191c39c60, 0x00007f8191c39fc0]
Event: 3502,582 Thread 0x00007f81a4156000 1452       4       java.io.ObjectInputStream$PeekInputStream::read (115 bytes)
Event: 3502,596 Thread 0x00007f81a4156000 nmethod 1452 0x00007f8198f22790 code [0x00007f8198f22960, 0x00007f8198f232f8]
Event: 3565,595 Thread 0x00007f81a4158000 1453       3       java.rmi.server.RemoteObject::writeObject (72 bytes)
Event: 3565,596 Thread 0x00007f81a4158000 nmethod 1453 0x00007f8191c3a090 code [0x00007f8191c3a300, 0x00007f8191c3abd0]
Event: 3595,191 Thread 0x00007f81a4158000 1454       1       java.io.ObjectInputStream$FilterValues::arrayLength (5 bytes)
Event: 3595,191 Thread 0x00007f81a4158000 nmethod 1454 0x00007f8198f23910 code [0x00007f8198f23ac0, 0x00007f8198f23b70]
Event: 3595,191 Thread 0x00007f81a4158000 1455       3       java.io.ObjectInputStream::readNull (27 bytes)
Event: 3595,192 Thread 0x00007f81a4158000 nmethod 1455 0x00007f8191c3af90 code [0x00007f8191c3b180, 0x00007f8191c3b4e0]
Event: 3595,544 Thread 0x00007f81a4158000 1456       3       java.util.concurrent.ThreadPoolExecutor::beforeExecute (1 bytes)
Event: 3595,545 Thread 0x00007f81a4158000 nmethod 1456 0x00007f8191c3b690 code [0x00007f8191c3b840, 0x00007f8191c3b930]

GC Heap History (5 events):
Event: 0,725 GC heap before
{Heap before GC invocations=0 (full 0):
 garbage-first heap   total 131072K, used 7168K [0x00000000c2a00000, 0x0000000100000000)
  region size 1024K, 7 young (7168K), 0 survivors (0K)
 Metaspace       used 9263K, capacity 9716K, committed 9856K, reserved 1058816K
  class space    used 933K, capacity 1117K, committed 1152K, reserved 1048576K
}
Event: 0,732 GC heap after
{Heap after GC invocations=1 (full 0):
 garbage-first heap   total 131072K, used 3134K [0x00000000c2a00000, 0x0000000100000000)
  region size 1024K, 1 young (1024K), 1 survivors (1024K)
 Metaspace       used 9263K, capacity 9716K, committed 9856K, reserved 1058816K
  class space    used 933K, capacity 1117K, committed 1152K, reserved 1048576K
}
Event: 1,096 GC heap before
{Heap before GC invocations=1 (full 0):
 garbage-first heap   total 131072K, used 7230K [0x00000000c2a00000, 0x0000000100000000)
  region size 1024K, 6 young (6144K), 1 survivors (1024K)
 Metaspace       used 11335K, capacity 11866K, committed 12160K, reserved 1060864K
  class space    used 1191K, capacity 1401K, committed 1408K, reserved 1048576K
}
Event: 1,102 GC heap after
{Heap after GC invocations=2 (full 0):
 garbage-first heap   total 131072K, used 3869K [0x00000000c2a00000, 0x0000000100000000)
  region size 1024K, 1 young (1024K), 1 survivors (1024K)
 Metaspace       used 11335K, capacity 11866K, committed 12160K, reserved 1060864K
  class space    used 1191K, capacity 1401K, committed 1408K, reserved 1048576K
}
Event: 3601,103 GC heap before
{Heap before GC invocations=2 (full 0):
 garbage-first heap   total 131072K, used 13085K [0x00000000c2a00000, 0x0000000100000000)
  region size 1024K, 12 young (12288K), 1 survivors (1024K)
 Metaspace       used 14581K, capacity 15105K, committed 15360K, reserved 1062912K
  class space    used 1481K, capacity 1701K, committed 1792K, reserved 1048576K
}

Deoptimization events (20 events):
Event: 1,126 Thread 0x00007f81543eb000 Uncommon trap: trap_request=0xffffff4d fr.pc=0x00007f8198ee3c38 relative=0x00000000000001f8
Event: 1,126 Thread 0x00007f81543eb000 Uncommon trap: reason=unstable_if action=reinterpret pc=0x00007f8198ee3c38 method=jdk.internal.org.objectweb.asm.Type.getArgumentsAndReturnSizes(Ljava/lang/String;)I @ 88 c2
Event: 1,126 Thread 0x00007f81543eb000 DEOPT PACKING pc=0x00007f8198ee3c38 sp=0x00007f816a60f230
Event: 1,126 Thread 0x00007f81543eb000 DEOPT UNPACKING pc=0x00007f819141a29f sp=0x00007f816a60f1d8 mode 2
Event: 1,132 Thread 0x00007f81543eb000 Uncommon trap: trap_request=0xffffff4d fr.pc=0x00007f8198eeeae4 relative=0x00000000000036e4
Event: 1,132 Thread 0x00007f81543eb000 Uncommon trap: reason=unstable_if action=reinterpret pc=0x00007f8198eeeae4 method=jdk.internal.org.objectweb.asm.Frame.execute(IILjdk/internal/org/objectweb/asm/ClassWriter;Ljdk/internal/org/objectweb/asm/Item;)V @ 1 c2
Event: 1,132 Thread 0x00007f81543eb000 DEOPT PACKING pc=0x00007f8198eeeae4 sp=0x00007f816a60ed90
Event: 1,132 Thread 0x00007f81543eb000 DEOPT UNPACKING pc=0x00007f819141a29f sp=0x00007f816a60ed30 mode 2
Event: 1,281 Thread 0x00007f81543eb000 DEOPT PACKING pc=0x00007f8191a9e60c sp=0x00007f816a60e6c0
Event: 1,281 Thread 0x00007f81543eb000 DEOPT UNPACKING pc=0x00007f819141a6ab sp=0x00007f816a60db38 mode 0
Event: 1,359 Thread 0x00007f81543eb000 Uncommon trap: trap_request=0xffffff4d fr.pc=0x00007f8198ef5360 relative=0x00000000000000c0
Event: 1,359 Thread 0x00007f81543eb000 Uncommon trap: reason=unstable_if action=reinterpret pc=0x00007f8198ef5360 method=java.lang.String.getBytes([BIB)V @ 5 c2
Event: 1,359 Thread 0x00007f81543eb000 DEOPT PACKING pc=0x00007f8198ef5360 sp=0x00007f816a60fdb0
Event: 1,359 Thread 0x00007f81543eb000 DEOPT UNPACKING pc=0x00007f819141a29f sp=0x00007f816a60fd58 mode 2
Event: 1,378 Thread 0x00007f81543eb000 Uncommon trap: trap_request=0xffffff4d fr.pc=0x00007f8198ec5b0c relative=0x000000000000006c
Event: 1,378 Thread 0x00007f81543eb000 Uncommon trap: reason=unstable_if action=reinterpret pc=0x00007f8198ec5b0c method=java.lang.String.isLatin1()Z @ 10 c2
Event: 1,378 Thread 0x00007f81543eb000 DEOPT PACKING pc=0x00007f8198ec5b0c sp=0x00007f816a610170
Event: 1,378 Thread 0x00007f81543eb000 DEOPT UNPACKING pc=0x00007f819141a29f sp=0x00007f816a6100d0 mode 2
Event: 1,387 Thread 0x00007f81543eb000 DEOPT PACKING pc=0x00007f8191b0f7b8 sp=0x00007f816a60e600
Event: 1,387 Thread 0x00007f81543eb000 DEOPT UNPACKING pc=0x00007f819141a6ab sp=0x00007f816a60db00 mode 0

Classes redefined (0 events):
No events

Internal exceptions (20 events):
Event: 0,733 Thread 0x00007f81a4028000 Exception <a 'java/lang/NoSuchMethodError'{0x00000000ca908448}: 'java.lang.Object java.lang.invoke.DirectMethodHandle$Holder.invokeStatic(java.lang.Object, java.lang.Object, java.lang.Object, java.lang.Object, java.lang.Object, java.lang.Object, java.lang.Object, java.lang.Object, int)'> (0x00000000ca908448) thrown at [src/hotspot/share/interpreter/linkResolver.cpp, line 773]
Event: 0,742 Thread 0x00007f81a4028000 Exception <a 'java/lang/NoSuchMethodError'{0x00000000ca922980}: 'java.lang.Object java.lang.invoke.DirectMethodHandle$Holder.invokeStatic(java.lang.Object, java.lang.Object, java.lang.Object, java.lang.Object, java.lang.Object, java.lang.Object, java.lang.Object, java.lang.Object, int, int)'> (0x00000000ca922980) thrown at [src/hotspot/share/interpreter/linkResolver.cpp, line 773]
Event: 0,749 Thread 0x00007f81a4028000 Exception <a 'java/lang/NoSuchMethodError'{0x00000000ca93ded8}: 'java.lang.Object java.lang.invoke.DirectMethodHandle$Holder.invokeStatic(java.lang.Object, java.lang.Object, java.lang.Object, java.lang.Object, java.lang.Object, java.lang.Object, java.lang.Object, java.lang.Object, int, int, java.lang.Object)'> (0x00000000ca93ded8) thrown at [src/hotspot/share/interpreter/linkResolver.cpp, line 773]
Event: 0,752 Thread 0x00007f81a4028000 Exception <a 'java/lang/NoSuchMethodError'{0x00000000ca97e998}: 'java.lang.Object java.lang.invoke.DirectMethodHandle$Holder.invokeStatic(java.lang.Object, java.lang.Object, java.lang.Object, java.lang.Object, java.lang.Object, java.lang.Object, java.lang.Object, java.lang.Object, int, int, java.lang.Object, java.lang.Object)'> (0x00000000ca97e998) thrown at [src/hotspot/share/interpreter/linkResolver.cpp, line 773]
Event: 0,778 Thread 0x00007f81a4028000 Exception <a 'java/lang/NoSuchMethodError'{0x00000000ca804b30}: 'java.lang.Object java.lang.invoke.DirectMethodHandle$Holder.invokeStatic(java.lang.Object, java.lang.Object, java.lang.Object, java.lang.Object, int)'> (0x00000000ca804b30) thrown at [src/hotspot/share/interpreter/linkResolver.cpp, line 773]
Event: 0,811 Thread 0x00007f81a4028000 Exception <a 'java/lang/NoSuchMethodError'{0x00000000ca8c8a98}: 'java.lang.Object java.lang.invoke.DelegatingMethodHandle$Holder.reinvoke_L(java.lang.Object, java.lang.Object, long)'> (0x00000000ca8c8a98) thrown at [src/hotspot/share/interpreter/linkResolver.cpp, line 773]
Event: 0,811 Thread 0x00007f81a4028000 Exception <a 'java/lang/NoSuchMethodError'{0x00000000ca8cbc88}: 'java.lang.Object java.lang.invoke.Invokers$Holder.linkToTargetMethod(java.lang.Object, long, java.lang.Object)'> (0x00000000ca8cbc88) thrown at [src/hotspot/share/interpreter/linkResolver.cpp, line 773]
Event: 0,849 Thread 0x00007f8158001800 Exception <a 'java/lang/NoSuchMethodError'{0x00000000ca778968}: 'java.lang.Object java.lang.invoke.DelegatingMethodHandle$Holder.reinvoke_L(java.lang.Object, int, java.lang.Object)'> (0x00000000ca778968) thrown at [src/hotspot/share/interpreter/linkResolver.cpp, line 773]
Event: 0,966 Thread 0x00007f81543eb000 Exception <a 'java/lang/NoSuchMethodError'{0x00000000ca63bf08}: <clinit>> (0x00000000ca63bf08) thrown at [src/hotspot/share/prims/jni.cpp, line 1362]
Event: 1,132 Thread 0x00007f81543eb000 Exception <a 'java/lang/NoSuchMethodError'{0x00000000ca94fb40}: 'int java.lang.invoke.DirectMethodHandle$Holder.invokeSpecialIFC(java.lang.Object, java.lang.Object, int)'> (0x00000000ca94fb40) thrown at [src/hotspot/share/interpreter/linkResolver.cpp, line 773]
Event: 1,234 Thread 0x00007f81543eb000 Exception <a 'java/lang/NoSuchMethodError'{0x00000000ca862ba0}: 'java.lang.Object java.lang.invoke.DirectMethodHandle$Holder.invokeVirtual(java.lang.Object, java.lang.Object, java.lang.Object)'> (0x00000000ca862ba0) thrown at [src/hotspot/share/interpreter/linkResolver.cpp, line 773]
Event: 1,359 Thread 0x00007f81543eb000 Exception <a 'java/net/ConnectException'{0x00000000ca5c9cf0}> (0x00000000ca5c9cf0) thrown at [src/hotspot/share/prims/jni.cpp, line 615]
Event: 1,397 Thread 0x00007f81543eb000 Exception <a 'java/lang/reflect/InvocationTargetException'{0x00000000ca366068}> (0x00000000ca366068) thrown at [src/hotspot/share/runtime/reflection.cpp, line 1247]
Event: 1,412 Thread 0x00007f81543eb000 Exception <a 'java/lang/NoSuchMethodError'{0x00000000ca3a9748}: <clinit>> (0x00000000ca3a9748) thrown at [src/hotspot/share/prims/jni.cpp, line 1362]
Event: 565,360 Thread 0x00007f81543eb000 Exception <a 'java/net/ConnectException'{0x00000000ca2c47b0}> (0x00000000ca2c47b0) thrown at [src/hotspot/share/prims/jni.cpp, line 615]
Event: 565,364 Thread 0x00007f81543eb000 Exception <a 'java/lang/reflect/InvocationTargetException'{0x00000000ca2c85e0}> (0x00000000ca2c85e0) thrown at [src/hotspot/share/runtime/reflection.cpp, line 1247]
Event: 640,607 Thread 0x00007f81543eb000 Exception <a 'java/net/ConnectException'{0x00000000ca104600}> (0x00000000ca104600) thrown at [src/hotspot/share/prims/jni.cpp, line 615]
Event: 640,608 Thread 0x00007f81543eb000 Exception <a 'java/lang/reflect/InvocationTargetException'{0x00000000ca108430}> (0x00000000ca108430) thrown at [src/hotspot/share/runtime/reflection.cpp, line 1247]
Event: 656,921 Thread 0x00007f81543eb000 Exception <a 'java/net/ConnectException'{0x00000000ca11d178}> (0x00000000ca11d178) thrown at [src/hotspot/share/prims/jni.cpp, line 615]
Event: 656,922 Thread 0x00007f81543eb000 Exception <a 'java/lang/reflect/InvocationTargetException'{0x00000000ca120fa8}> (0x00000000ca120fa8) thrown at [src/hotspot/share/runtime/reflection.cpp, line 1247]

Events (20 events):
Event: 640,604 loading class sun/net/InetAddressCachePolicy$1
Event: 640,604 loading class sun/net/InetAddressCachePolicy$1 done
Event: 640,604 loading class sun/net/InetAddressCachePolicy$2
Event: 640,604 loading class sun/net/InetAddressCachePolicy$2 done
Event: 640,604 loading class java/net/InetAddress$CachedAddresses
Event: 640,605 loading class java/net/InetAddress$CachedAddresses done
Event: 640,605 loading class java/util/concurrent/ThreadLocalRandom
Event: 640,605 loading class java/util/concurrent/ThreadLocalRandom done
Event: 640,606 loading class java/lang/invoke/VarHandleLongs$FieldInstanceReadWrite
Event: 640,606 loading class java/lang/invoke/VarHandleLongs$FieldInstanceReadOnly
Event: 640,606 loading class java/lang/invoke/VarHandleLongs$FieldInstanceReadOnly done
Event: 640,606 loading class java/lang/invoke/VarHandleLongs$FieldInstanceReadWrite done
Event: 640,606 loading class java/util/concurrent/atomic/Striped64$1
Event: 640,606 loading class java/util/concurrent/atomic/Striped64$1 done
Event: 640,611 Executing VM operation: BulkRevokeBias
Event: 640,612 Executing VM operation: BulkRevokeBias done
Event: 656,930 Executing VM operation: BulkRevokeBias
Event: 656,930 Executing VM operation: BulkRevokeBias done
Event: 1207,124 Loaded shared library /snap/intellij-idea-ultimate/311/jbr/lib/server/libjvm.so
Event: 3601,103 Executing VM operation: G1CollectFull


Dynamic libraries:
c2a00000-caa00000 rw-p 00000000 00:00 0 
caa00000-100000000 ---p 00000000 00:00 0 
100000000-1001c0000 rw-p 00000000 00:00 0 
1001c0000-140000000 ---p 00000000 00:00 0 
556871000000-556871001000 r-xp 00000000 07:0f 28                         /snap/intellij-idea-ultimate/311/jbr/bin/java
556871201000-556871202000 r--p 00001000 07:0f 28                         /snap/intellij-idea-ultimate/311/jbr/bin/java
556871202000-556871203000 rw-p 00002000 07:0f 28                         /snap/intellij-idea-ultimate/311/jbr/bin/java
55687304b000-55687306c000 rw-p 00000000 00:00 0                          [heap]
7f814c000000-7f814c021000 rw-p 00000000 00:00 0 
7f814c021000-7f8150000000 ---p 00000000 00:00 0 
7f8154000000-7f8154418000 rw-p 00000000 00:00 0 
7f8154418000-7f8158000000 ---p 00000000 00:00 0 
7f8158000000-7f8158021000 rw-p 00000000 00:00 0 
7f8158021000-7f815c000000 ---p 00000000 00:00 0 
7f815c000000-7f815c021000 rw-p 00000000 00:00 0 
7f815c021000-7f8160000000 ---p 00000000 00:00 0 
7f8160000000-7f81607bc000 rw-p 00000000 00:00 0 
7f81607bc000-7f8164000000 ---p 00000000 00:00 0 
7f8164000000-7f816402c000 rw-p 00000000 00:00 0 
7f816402c000-7f8168000000 ---p 00000000 00:00 0 
7f8169854000-7f816a154000 rw-p 00000000 00:00 0 
7f816a154000-7f816a214000 ---p 00000000 00:00 0 
7f816a214000-7f816a414000 rw-p 00000000 00:00 0 
7f816a414000-7f816a418000 ---p 00000000 00:00 0 
7f816a418000-7f816a515000 rw-p 00000000 00:00 0 
7f816a515000-7f816a519000 ---p 00000000 00:00 0 
7f816a519000-7f816a616000 rw-p 00000000 00:00 0 
7f816a616000-7f816a61a000 ---p 00000000 00:00 0 
7f816a61a000-7f816a717000 rw-p 00000000 00:00 0 
7f816a717000-7f816a718000 ---p 00000000 00:00 0 
7f816a718000-7f816aa19000 rw-p 00000000 00:00 0 
7f816aa19000-7f816aa1d000 ---p 00000000 00:00 0 
7f816aa1d000-7f816ab1a000 rw-p 00000000 00:00 0 
7f816ab1a000-7f816ab1b000 r-xp 00000000 07:0f 455                        /snap/intellij-idea-ultimate/311/jbr/lib/librmi.so
7f816ab1b000-7f816ad1a000 ---p 00001000 07:0f 455                        /snap/intellij-idea-ultimate/311/jbr/lib/librmi.so
7f816ad1a000-7f816ad1b000 r--p 00000000 07:0f 455                        /snap/intellij-idea-ultimate/311/jbr/lib/librmi.so
7f816ad1b000-7f816ad1c000 rw-p 00000000 00:00 0 
7f816ad1c000-7f816ad20000 ---p 00000000 00:00 0 
7f816ad20000-7f816ae1d000 rw-p 00000000 00:00 0 
7f816ae1d000-7f816ae21000 ---p 00000000 00:00 0 
7f816ae21000-7f816af1e000 rw-p 00000000 00:00 0 
7f816af1e000-7f816af22000 ---p 00000000 00:00 0 
7f816af22000-7f816b01f000 rw-p 00000000 00:00 0 
7f816b01f000-7f816b021000 r-xp 00000000 07:0f 424                        /snap/intellij-idea-ultimate/311/jbr/lib/libextnet.so
7f816b021000-7f816b220000 ---p 00002000 07:0f 424                        /snap/intellij-idea-ultimate/311/jbr/lib/libextnet.so
7f816b220000-7f816b221000 r--p 00001000 07:0f 424                        /snap/intellij-idea-ultimate/311/jbr/lib/libextnet.so
7f816b221000-7f816b222000 rw-p 00000000 00:00 0 
7f816b222000-7f816c000000 r--p 00000000 08:03 3807758                    /usr/lib/locale/locale-archive
7f816c000000-7f816c16f000 rw-p 00000000 00:00 0 
7f816c16f000-7f8170000000 ---p 00000000 00:00 0 
7f8170000000-7f8170048000 rw-p 00000000 00:00 0 
7f8170048000-7f8174000000 ---p 00000000 00:00 0 
7f8174000000-7f8174021000 rw-p 00000000 00:00 0 
7f8174021000-7f8178000000 ---p 00000000 00:00 0 
7f8178000000-7f817826f000 rw-p 00000000 00:00 0 
7f817826f000-7f817c000000 ---p 00000000 00:00 0 
7f817c000000-7f817c021000 rw-p 00000000 00:00 0 
7f817c021000-7f8180000000 ---p 00000000 00:00 0 
7f8180000000-7f8180021000 rw-p 00000000 00:00 0 
7f8180021000-7f8184000000 ---p 00000000 00:00 0 
7f8184000000-7f8184021000 rw-p 00000000 00:00 0 
7f8184021000-7f8188000000 ---p 00000000 00:00 0 
7f818807a000-7f818807e000 ---p 00000000 00:00 0 
7f818807e000-7f818817b000 rw-p 00000000 00:00 0 
7f818817b000-7f8188191000 r-xp 00000000 07:0f 450                        /snap/intellij-idea-ultimate/311/jbr/lib/libnet.so
7f8188191000-7f8188391000 ---p 00016000 07:0f 450                        /snap/intellij-idea-ultimate/311/jbr/lib/libnet.so
7f8188391000-7f8188392000 r--p 00016000 07:0f 450                        /snap/intellij-idea-ultimate/311/jbr/lib/libnet.so
7f8188392000-7f8188393000 rw-p 00017000 07:0f 450                        /snap/intellij-idea-ultimate/311/jbr/lib/libnet.so
7f8188393000-7f81883a3000 r-xp 00000000 07:0f 453                        /snap/intellij-idea-ultimate/311/jbr/lib/libnio.so
7f81883a3000-7f81885a2000 ---p 00010000 07:0f 453                        /snap/intellij-idea-ultimate/311/jbr/lib/libnio.so
7f81885a2000-7f81885a3000 r--p 0000f000 07:0f 453                        /snap/intellij-idea-ultimate/311/jbr/lib/libnio.so
7f81885a3000-7f81885a4000 rw-p 00010000 07:0f 453                        /snap/intellij-idea-ultimate/311/jbr/lib/libnio.so
7f81885a4000-7f81885a8000 ---p 00000000 00:00 0 
7f81885a8000-7f81886a5000 rw-p 00000000 00:00 0 
7f81886a5000-7f81886a6000 ---p 00000000 00:00 0 
7f81886a6000-7f81887a7000 rw-p 00000000 00:00 0 
7f81887a7000-7f81887ab000 ---p 00000000 00:00 0 
7f81887ab000-7f818b2a8000 rw-p 00000000 00:00 0 
7f818b2a8000-7f818c000000 ---p 00000000 00:00 0 
7f818c000000-7f818c021000 rw-p 00000000 00:00 0 
7f818c021000-7f8190000000 ---p 00000000 00:00 0 
7f8190069000-7f8190099000 r--p 00000000 08:03 795961                     /usr/share/locale-langpack/ru/LC_MESSAGES/libc.mo
7f8190099000-7f819009d000 ---p 00000000 00:00 0 
7f819009d000-7f819019a000 rw-p 00000000 00:00 0 
7f819019a000-7f819019e000 ---p 00000000 00:00 0 
7f819019e000-7f819029b000 rw-p 00000000 00:00 0 
7f819029b000-7f819029f000 ---p 00000000 00:00 0 
7f819029f000-7f819039c000 rw-p 00000000 00:00 0 
7f819039c000-7f81903a0000 ---p 00000000 00:00 0 
7f81903a0000-7f819069d000 rw-p 00000000 00:00 0 
7f819069d000-7f81913f5000 ---p 00000000 00:00 0 
7f81913f5000-7f8191665000 rwxp 00000000 00:00 0 
7f8191665000-7f8191984000 ---p 00000000 00:00 0 
7f8191984000-7f8191c44000 rwxp 00000000 00:00 0 
7f8191c44000-7f8198ebc000 ---p 00000000 00:00 0 
7f8198ebc000-7f819912c000 rwxp 00000000 00:00 0 
7f819912c000-7f81a03f5000 ---p 00000000 00:00 0 
7f81a03f5000-7f81a4000000 r--s 00000000 07:0f 517                        /snap/intellij-idea-ultimate/311/jbr/lib/modules
7f81a4000000-7f81a43f6000 rw-p 00000000 00:00 0 
7f81a43f6000-7f81a8000000 ---p 00000000 00:00 0 
7f81a8006000-7f81a8037000 rw-p 00000000 00:00 0 
7f81a8037000-7f81a803b000 ---p 00000000 00:00 0 
7f81a803b000-7f81a8138000 rw-p 00000000 00:00 0 
7f81a8138000-7f81a813c000 ---p 00000000 00:00 0 
7f81a813c000-7f81a8239000 rw-p 00000000 00:00 0 
7f81a8239000-7f81a823a000 ---p 00000000 00:00 0 
7f81a823a000-7f81a8481000 rw-p 00000000 00:00 0 
7f81a8481000-7f81a8482000 ---p 00000000 00:00 0 
7f81a8482000-7f81a8583000 rw-p 00000000 00:00 0 
7f81a8583000-7f81a8584000 ---p 00000000 00:00 0 
7f81a8584000-7f81a8887000 rw-p 00000000 00:00 0 
7f81a8887000-7f81a8888000 ---p 00000000 00:00 0 
7f81a8888000-7f81a8989000 rw-p 00000000 00:00 0 
7f81a8989000-7f81a898a000 ---p 00000000 00:00 0 
7f81a898a000-7f81a8aec000 rw-p 00000000 00:00 0 
7f81a8aec000-7f81a8c97000 ---p 00000000 00:00 0 
7f81a8c97000-7f81a8cd7000 rw-p 00000000 00:00 0 
7f81a8cd7000-7f81a8e82000 ---p 00000000 00:00 0 
7f81a8e82000-7f81a8ec2000 rw-p 00000000 00:00 0 
7f81a8ec2000-7f81a906d000 ---p 00000000 00:00 0 
7f81a906d000-7f81a926f000 rw-p 00000000 00:00 0 
7f81a926f000-7f81a9270000 ---p 00000000 00:00 0 
7f81a9270000-7f81a9376000 rw-p 00000000 00:00 0 
7f81a9376000-7f81a945c000 ---p 00000000 00:00 0 
7f81a945c000-7f81a9462000 rw-p 00000000 00:00 0 
7f81a9462000-7f81a9547000 ---p 00000000 00:00 0 
7f81a9547000-7f81a954e000 r-xp 00000000 07:0f 462                        /snap/intellij-idea-ultimate/311/jbr/lib/libzip.so
7f81a954e000-7f81a974d000 ---p 00007000 07:0f 462                        /snap/intellij-idea-ultimate/311/jbr/lib/libzip.so
7f81a974d000-7f81a974e000 r--p 00006000 07:0f 462                        /snap/intellij-idea-ultimate/311/jbr/lib/libzip.so
7f81a974e000-7f81a974f000 rw-p 00000000 00:00 0 
7f81a974f000-7f81a9752000 r--p 00000000 08:03 3809198                    /usr/lib/x86_64-linux-gnu/libnss_files-2.31.so
7f81a9752000-7f81a9759000 r-xp 00003000 08:03 3809198                    /usr/lib/x86_64-linux-gnu/libnss_files-2.31.so
7f81a9759000-7f81a975b000 r--p 0000a000 08:03 3809198                    /usr/lib/x86_64-linux-gnu/libnss_files-2.31.so
7f81a975b000-7f81a975c000 r--p 0000b000 08:03 3809198                    /usr/lib/x86_64-linux-gnu/libnss_files-2.31.so
7f81a975c000-7f81a975d000 rw-p 0000c000 08:03 3809198                    /usr/lib/x86_64-linux-gnu/libnss_files-2.31.so
7f81a975d000-7f81a9763000 rw-p 00000000 00:00 0 
7f81a9768000-7f81a976d000 rw-p 00000000 00:00 0 
7f81a976d000-7f81a9774000 ---p 00000000 00:00 0 
7f81a9774000-7f81a978f000 r-xp 00000000 07:0f 437                        /snap/intellij-idea-ultimate/311/jbr/lib/libjimage.so
7f81a978f000-7f81a998f000 ---p 0001b000 07:0f 437                        /snap/intellij-idea-ultimate/311/jbr/lib/libjimage.so
7f81a998f000-7f81a9991000 r--p 0001b000 07:0f 437                        /snap/intellij-idea-ultimate/311/jbr/lib/libjimage.so
7f81a9991000-7f81a9992000 rw-p 0001d000 07:0f 437                        /snap/intellij-idea-ultimate/311/jbr/lib/libjimage.so
7f81a9992000-7f81a99bb000 r-xp 00000000 07:0f 432                        /snap/intellij-idea-ultimate/311/jbr/lib/libjava.so
7f81a99bb000-7f81a9bbb000 ---p 00029000 07:0f 432                        /snap/intellij-idea-ultimate/311/jbr/lib/libjava.so
7f81a9bbb000-7f81a9bbc000 r--p 00029000 07:0f 432                        /snap/intellij-idea-ultimate/311/jbr/lib/libjava.so
7f81a9bbc000-7f81a9bbd000 rw-p 0002a000 07:0f 432                        /snap/intellij-idea-ultimate/311/jbr/lib/libjava.so
7f81a9bbd000-7f81a9bbe000 rw-p 00000000 00:00 0 
7f81a9bbe000-7f81a9bcb000 r-xp 00000000 07:0f 461                        /snap/intellij-idea-ultimate/311/jbr/lib/libverify.so
7f81a9bcb000-7f81a9dca000 ---p 0000d000 07:0f 461                        /snap/intellij-idea-ultimate/311/jbr/lib/libverify.so
7f81a9dca000-7f81a9dcc000 r--p 0000c000 07:0f 461                        /snap/intellij-idea-ultimate/311/jbr/lib/libverify.so
7f81a9dcc000-7f81a9dcd000 rw-p 00000000 00:00 0 
7f81a9dcd000-7f81a9dd0000 r--p 00000000 08:03 3809400                    /usr/lib/x86_64-linux-gnu/librt-2.31.so
7f81a9dd0000-7f81a9dd4000 r-xp 00003000 08:03 3809400                    /usr/lib/x86_64-linux-gnu/librt-2.31.so
7f81a9dd4000-7f81a9dd5000 r--p 00007000 08:03 3809400                    /usr/lib/x86_64-linux-gnu/librt-2.31.so
7f81a9dd5000-7f81a9dd6000 ---p 00008000 08:03 3809400                    /usr/lib/x86_64-linux-gnu/librt-2.31.so
7f81a9dd6000-7f81a9dd7000 r--p 00008000 08:03 3809400                    /usr/lib/x86_64-linux-gnu/librt-2.31.so
7f81a9dd7000-7f81a9dd8000 rw-p 00009000 08:03 3809400                    /usr/lib/x86_64-linux-gnu/librt-2.31.so
7f81a9dd8000-7f81a9ddc000 ---p 00000000 00:00 0 
7f81a9ddc000-7f81a9ed9000 rw-p 00000000 00:00 0 
7f81a9ed9000-7f81a9ee8000 r--p 00000000 08:03 3809074                    /usr/lib/x86_64-linux-gnu/libm-2.31.so
7f81a9ee8000-7f81a9f8f000 r-xp 0000f000 08:03 3809074                    /usr/lib/x86_64-linux-gnu/libm-2.31.so
7f81a9f8f000-7f81aa026000 r--p 000b6000 08:03 3809074                    /usr/lib/x86_64-linux-gnu/libm-2.31.so
7f81aa026000-7f81aa027000 r--p 0014c000 08:03 3809074                    /usr/lib/x86_64-linux-gnu/libm-2.31.so
7f81aa027000-7f81aa028000 rw-p 0014d000 08:03 3809074                    /usr/lib/x86_64-linux-gnu/libm-2.31.so
7f81aa028000-7f81ab16a000 r-xp 00000000 07:0f 528                        /snap/intellij-idea-ultimate/311/jbr/lib/server/libjvm.so
7f81ab16a000-7f81ab369000 ---p 01142000 07:0f 528                        /snap/intellij-idea-ultimate/311/jbr/lib/server/libjvm.so
7f81ab369000-7f81ab42c000 r--p 01141000 07:0f 528                        /snap/intellij-idea-ultimate/311/jbr/lib/server/libjvm.so
7f81ab42c000-7f81ab467000 rw-p 01204000 07:0f 528                        /snap/intellij-idea-ultimate/311/jbr/lib/server/libjvm.so
7f81ab467000-7f81ab4c0000 rw-p 00000000 00:00 0 
7f81ab4c0000-7f81ab4e5000 r--p 00000000 08:03 3808432                    /usr/lib/x86_64-linux-gnu/libc-2.31.so
7f81ab4e5000-7f81ab65d000 r-xp 00025000 08:03 3808432                    /usr/lib/x86_64-linux-gnu/libc-2.31.so
7f81ab65d000-7f81ab6a7000 r--p 0019d000 08:03 3808432                    /usr/lib/x86_64-linux-gnu/libc-2.31.so
7f81ab6a7000-7f81ab6a8000 ---p 001e7000 08:03 3808432                    /usr/lib/x86_64-linux-gnu/libc-2.31.so
7f81ab6a8000-7f81ab6ab000 r--p 001e7000 08:03 3808432                    /usr/lib/x86_64-linux-gnu/libc-2.31.so
7f81ab6ab000-7f81ab6ae000 rw-p 001ea000 08:03 3808432                    /usr/lib/x86_64-linux-gnu/libc-2.31.so
7f81ab6ae000-7f81ab6b2000 rw-p 00000000 00:00 0 
7f81ab6b2000-7f81ab6b3000 r--p 00000000 08:03 3808567                    /usr/lib/x86_64-linux-gnu/libdl-2.31.so
7f81ab6b3000-7f81ab6b5000 r-xp 00001000 08:03 3808567                    /usr/lib/x86_64-linux-gnu/libdl-2.31.so
7f81ab6b5000-7f81ab6b6000 r--p 00003000 08:03 3808567                    /usr/lib/x86_64-linux-gnu/libdl-2.31.so
7f81ab6b6000-7f81ab6b7000 r--p 00003000 08:03 3808567                    /usr/lib/x86_64-linux-gnu/libdl-2.31.so
7f81ab6b7000-7f81ab6b8000 rw-p 00004000 08:03 3808567                    /usr/lib/x86_64-linux-gnu/libdl-2.31.so
7f81ab6b8000-7f81ab6c7000 r-xp 00000000 07:0f 412                        /snap/intellij-idea-ultimate/311/jbr/lib/jli/libjli.so
7f81ab6c7000-7f81ab8c6000 ---p 0000f000 07:0f 412                        /snap/intellij-idea-ultimate/311/jbr/lib/jli/libjli.so
7f81ab8c6000-7f81ab8c7000 r--p 0000e000 07:0f 412                        /snap/intellij-idea-ultimate/311/jbr/lib/jli/libjli.so
7f81ab8c7000-7f81ab8c8000 rw-p 0000f000 07:0f 412                        /snap/intellij-idea-ultimate/311/jbr/lib/jli/libjli.so
7f81ab8c8000-7f81ab8cf000 r--p 00000000 08:03 3809339                    /usr/lib/x86_64-linux-gnu/libpthread-2.31.so
7f81ab8cf000-7f81ab8e0000 r-xp 00007000 08:03 3809339                    /usr/lib/x86_64-linux-gnu/libpthread-2.31.so
7f81ab8e0000-7f81ab8e5000 r--p 00018000 08:03 3809339                    /usr/lib/x86_64-linux-gnu/libpthread-2.31.so
7f81ab8e5000-7f81ab8e6000 r--p 0001c000 08:03 3809339                    /usr/lib/x86_64-linux-gnu/libpthread-2.31.so
7f81ab8e6000-7f81ab8e7000 rw-p 0001d000 08:03 3809339                    /usr/lib/x86_64-linux-gnu/libpthread-2.31.so
7f81ab8e7000-7f81ab8eb000 rw-p 00000000 00:00 0 
7f81ab8eb000-7f81ab8ed000 r--p 00000000 08:03 3809764                    /usr/lib/x86_64-linux-gnu/libz.so.1.2.11
7f81ab8ed000-7f81ab8fe000 r-xp 00002000 08:03 3809764                    /usr/lib/x86_64-linux-gnu/libz.so.1.2.11
7f81ab8fe000-7f81ab904000 r--p 00013000 08:03 3809764                    /usr/lib/x86_64-linux-gnu/libz.so.1.2.11
7f81ab904000-7f81ab905000 ---p 00019000 08:03 3809764                    /usr/lib/x86_64-linux-gnu/libz.so.1.2.11
7f81ab905000-7f81ab906000 r--p 00019000 08:03 3809764                    /usr/lib/x86_64-linux-gnu/libz.so.1.2.11
7f81ab906000-7f81ab907000 rw-p 0001a000 08:03 3809764                    /usr/lib/x86_64-linux-gnu/libz.so.1.2.11
7f81ab907000-7f81ab90e000 r--s 00000000 08:03 56945                      /usr/lib/x86_64-linux-gnu/gconv/gconv-modules.cache
7f81ab90e000-7f81ab916000 rw-s 00000000 08:03 262792                     /tmp/hsperfdata_andrei/15055
7f81ab916000-7f81ab917000 ---p 00000000 00:00 0 
7f81ab917000-7f81ab918000 r--p 00000000 00:00 0 
7f81ab918000-7f81ab91a000 rw-p 00000000 00:00 0 
7f81ab91a000-7f81ab91b000 r--p 00000000 08:03 3808216                    /usr/lib/x86_64-linux-gnu/ld-2.31.so
7f81ab91b000-7f81ab93e000 r-xp 00001000 08:03 3808216                    /usr/lib/x86_64-linux-gnu/ld-2.31.so
7f81ab93e000-7f81ab946000 r--p 00024000 08:03 3808216                    /usr/lib/x86_64-linux-gnu/ld-2.31.so
7f81ab947000-7f81ab948000 r--p 0002c000 08:03 3808216                    /usr/lib/x86_64-linux-gnu/ld-2.31.so
7f81ab948000-7f81ab949000 rw-p 0002d000 08:03 3808216                    /usr/lib/x86_64-linux-gnu/ld-2.31.so
7f81ab949000-7f81ab94a000 rw-p 00000000 00:00 0 
7fffbc5e0000-7fffbc601000 rw-p 00000000 00:00 0                          [stack]
7fffbc7d7000-7fffbc7db000 r--p 00000000 00:00 0                          [vvar]
7fffbc7db000-7fffbc7dd000 r-xp 00000000 00:00 0                          [vdso]
ffffffffff600000-ffffffffff601000 --xp 00000000 00:00 0                  [vsyscall]


VM Arguments:
jvm_args: -Djava.rmi.server.hostname=127.0.0.1 -Duser.timezone=UTC -Xmx981m -Xms128m -Dfile.encoding=UTF-8 
java_command: com.intellij.database.remote.RemoteJdbcServer com.mysql.cj.jdbc.Driver
java_class_path (initial): /snap/intellij-idea-ultimate/311/lib/util.jar:/snap/intellij-idea-ultimate/311/lib/groovy-2.5.14.jar:/snap/intellij-idea-ultimate/311/plugins/DatabaseTools/lib/jdbc-console.jar:/home/andrei/.config/JetBrains/IntelliJIdea2021.2/jdbc-drivers/MySQL ConnectorJ/8.0.25/mysql-connector-java-8.0.25.jar
Launcher Type: SUN_STANDARD

[Global flags]
     intx CICompilerCount                          = 2                                         {product} {ergonomic}
     uint ConcGCThreads                            = 1                                         {product} {ergonomic}
     uint G1ConcRefinementThreads                  = 2                                         {product} {ergonomic}
   size_t G1HeapRegionSize                         = 1048576                                   {product} {ergonomic}
    uintx GCDrainStackTargetSize                   = 64                                        {product} {ergonomic}
   size_t InitialHeapSize                          = 134217728                                 {product} {command line}
   size_t MarkStackSize                            = 4194304                                   {product} {ergonomic}
   size_t MaxHeapSize                              = 1029701632                                {product} {command line, ergonomic}
   size_t MaxNewSize                               = 617611264                                 {product} {ergonomic}
   size_t MinHeapDeltaBytes                        = 1048576                                   {product} {ergonomic}
    uintx NonNMethodCodeHeapSize                   = 5825164                                {pd product} {ergonomic}
    uintx NonProfiledCodeHeapSize                  = 122916538                              {pd product} {ergonomic}
    uintx ProfiledCodeHeapSize                     = 122916538                              {pd product} {ergonomic}
    uintx ReservedCodeCacheSize                    = 251658240                              {pd product} {ergonomic}
     bool SegmentedCodeCache                       = true                                      {product} {ergonomic}
     bool UseCompressedClassPointers               = true                                 {lp64_product} {ergonomic}
     bool UseCompressedOops                        = true                                 {lp64_product} {ergonomic}
     bool UseG1GC                                  = true                                      {product} {ergonomic}

Logging:
Log output configuration:
 #0: stdout all=warning uptime,level,tags
 #1: stderr all=off uptime,level,tags

Environment Variables:
PATH=/usr/local/sbin:/usr/local/bin:/usr/sbin:/usr/bin:/sbin:/bin:/usr/games:/usr/local/games:/snap/bin
USERNAME=andrei
SHELL=/bin/bash
DISPLAY=:0
LANG=ru_RU.UTF-8

Signal Handlers:
SIGSEGV: [libjvm.so+0xe60da0], sa_mask[0]=11111111011111111101111111111110, sa_flags=SA_RESTART|SA_SIGINFO
SIGBUS: [libjvm.so+0xe60da0], sa_mask[0]=11111111011111111101111111111110, sa_flags=SA_RESTART|SA_SIGINFO
SIGFPE: [libjvm.so+0xe60da0], sa_mask[0]=11111111011111111101111111111110, sa_flags=SA_RESTART|SA_SIGINFO
SIGPIPE: [libjvm.so+0xbb3780], sa_mask[0]=11111111011111111101111111111110, sa_flags=SA_RESTART|SA_SIGINFO
SIGXFSZ: [libjvm.so+0xbb3780], sa_mask[0]=11111111011111111101111111111110, sa_flags=SA_RESTART|SA_SIGINFO
SIGILL: [libjvm.so+0xe60da0], sa_mask[0]=11111111011111111101111111111110, sa_flags=SA_RESTART|SA_SIGINFO
SIGUSR2: [libjvm.so+0xbb3610], sa_mask[0]=00100000000000000000000000000000, sa_flags=SA_RESTART|SA_SIGINFO
SIGHUP: [libjvm.so+0xbb3ae0], sa_mask[0]=11111111011111111101111111111110, sa_flags=SA_RESTART|SA_SIGINFO
SIGINT: [libjvm.so+0xbb3ae0], sa_mask[0]=11111111011111111101111111111110, sa_flags=SA_RESTART|SA_SIGINFO
SIGTERM: [libjvm.so+0xbb3ae0], sa_mask[0]=11111111011111111101111111111110, sa_flags=SA_RESTART|SA_SIGINFO
SIGQUIT: [libjvm.so+0xbb3ae0], sa_mask[0]=11111111011111111101111111111110, sa_flags=SA_RESTART|SA_SIGINFO


---------------  S Y S T E M  ---------------

OS:DISTRIB_ID=Ubuntu
DISTRIB_RELEASE=20.04
DISTRIB_CODENAME=focal
DISTRIB_DESCRIPTION="Ubuntu 20.04.2 LTS"
uname:Linux 5.11.0-25-generic #27~20.04.1-Ubuntu SMP Tue Jul 13 17:41:23 UTC 2021 x86_64
OS uptime: 0 days 3:02 hours
libc:glibc 2.31 NPTL 2.31 
rlimit (soft/hard): STACK 8192k/infinity , CORE 0k/infinity , NPROC 31181/31181 , NOFILE 1048576/1048576 , AS infinity/infinity , CPU infinity/infinity , DATA infinity/infinity , FSIZE infinity/infinity , MEMLOCK 65536k/65536k
load average:0,00 0,00 0,06

/proc/meminfo:
MemTotal:        8041800 kB
MemFree:          762076 kB
MemAvailable:    1617320 kB
Buffers:           77804 kB
Cached:          1511636 kB
SwapCached:        77620 kB
Active:          1381196 kB
Inactive:        5513944 kB
Active(anon):     746016 kB
Inactive(anon):  5111064 kB
Active(file):     635180 kB
Inactive(file):   402880 kB
Unevictable:       44724 kB
Mlocked:              72 kB
SwapTotal:       2097148 kB
SwapFree:         975672 kB
Dirty:               196 kB
Writeback:             0 kB
AnonPages:       5275268 kB
Mapped:           721628 kB
Shmem:            551264 kB
KReclaimable:      72020 kB
Slab:             173888 kB
SReclaimable:      72020 kB
SUnreclaim:       101868 kB
KernelStack:       21232 kB
PageTables:        98084 kB
NFS_Unstable:          0 kB
Bounce:                0 kB
WritebackTmp:          0 kB
CommitLimit:     6118048 kB
Committed_AS:   19011928 kB
VmallocTotal:   34359738367 kB
VmallocUsed:       37312 kB
VmallocChunk:          0 kB
Percpu:             1592 kB
HardwareCorrupted:     0 kB
AnonHugePages:         0 kB
ShmemHugePages:        0 kB
ShmemPmdMapped:        0 kB
FileHugePages:         0 kB
FilePmdMapped:         0 kB
HugePages_Total:       0
HugePages_Free:        0
HugePages_Rsvd:        0
HugePages_Surp:        0
Hugepagesize:       2048 kB
Hugetlb:               0 kB
DirectMap4k:      323696 kB
DirectMap2M:     7956480 kB

/sys/kernel/mm/transparent_hugepage/enabled:
always [madvise] never
/sys/kernel/mm/transparent_hugepage/defrag (defrag/compaction efforts parameter):
always defer defer+madvise [madvise] never

Process Memory:
Virtual Size: 3529032K (peak: 3561412K)
Resident Set Size: 87904K (peak: 87904K) (anon: 59924K, file: 27980K, shmem: 0K)
Swapped out: 0K
C-Heap outstanding allocations: 8765K

/proc/sys/kernel/threads-max (system-wide limit on the number of threads):
62363
/proc/sys/vm/max_map_count (maximum number of memory map areas a process may have):
65530
/proc/sys/kernel/pid_max (system-wide limit on number of process identifiers):
4194304

container (cgroup) information:
container_type: cgroupv1
cpu_cpuset_cpus: 0-1
cpu_memory_nodes: 0
active_processor_count: 2
cpu_quota: -1
cpu_period: 100000
cpu_shares: -1
memory_limit_in_bytes: -1
memory_and_swap_limit_in_bytes: -1
memory_soft_limit_in_bytes: -1
memory_usage_in_bytes: 6677184512
memory_max_usage_in_bytes: 7366328320

Steal ticks since vm start: 0
Steal ticks percentage since vm start:  0,000

CPU:total 2 (initial active 2) (2 cores per cpu, 1 threads per core) family 6 model 42 stepping 7 microcode 0x2f, cmov, cx8, fxsr, mmx, sse, sse2, sse3, ssse3, sse4.1, sse4.2, popcnt, clmul, tsc, tscinvbit
CPU Model and flags from /proc/cpuinfo:
model name	: Intel(R) Pentium(R) CPU G620 @ 2.60GHz
flags		: fpu vme de pse tsc msr pae mce cx8 apic sep mtrr pge mca cmov pat pse36 clflush dts acpi mmx fxsr sse sse2 ht tm pbe syscall nx rdtscp lm constant_tsc arch_perfmon pebs bts rep_good nopl xtopology nonstop_tsc cpuid aperfmperf pni pclmulqdq dtes64 monitor ds_cpl est tm2 ssse3 cx16 xtpr pdcm pcid sse4_1 sse4_2 popcnt tsc_deadline_timer xsave lahf_lm epb pti ssbd ibrs ibpb stibp xsaveopt dtherm arat pln pts md_clear flush_l1d
Online cpus:
0-1
Offline cpus:

BIOS frequency limitation:
<Not Available>
Frequency switch latency (ns):
20000
Available cpu frequencies:
<Not Available>
Current governor:
ondemand
Core performance/turbo boost:
<Not Available>

Memory: 4k page, physical 8041800k(762076k free), swap 2097148k(975672k free)

vm_info: OpenJDK 64-Bit Server VM (11.0.11+9-b1504.13) for linux-amd64 JRE (11.0.11+9-b1504.13), built on Jul 17 2021 23:52:09 by "" with gcc 8.3.1 20190311 (Red Hat 8.3.1-3)

END.
